0505186346AA
0505186346aa
0505186346Aa
0505186346aA
0505186346AB
0505186346ab
0505186346Ab
0505186346aB
0505186346AC
0505186346ac
0505186346Ac
0505186346aC
0505186346AD
0505186346ad
0505186346Ad
0505186346aD
0505186346AE
0505186346ae
0505186346Ae
0505186346aE
0505186346AF
0505186346af
0505186346Af
0505186346aF
0505186346AG
0505186346ag
0505186346Ag
0505186346aG
0505186346AH
0505186346ah
0505186346Ah
0505186346aH
0505186346AI
0505186346ai
0505186346Ai
0505186346aI
0505186346AJ
0505186346aj
0505186346Aj
0505186346aJ
0505186346AK
0505186346ak
0505186346Ak
0505186346aK
0505186346AL
0505186346al
0505186346Al
0505186346aL
0505186346AM
0505186346am
0505186346Am
0505186346aM
0505186346AN
0505186346an
0505186346An
0505186346aN
0505186346AO
0505186346ao
0505186346Ao
0505186346aO
0505186346AP
0505186346ap
0505186346Ap
0505186346aP
0505186346AQ
0505186346aq
0505186346Aq
0505186346aQ
0505186346AR
0505186346ar
0505186346Ar
0505186346aR
0505186346AS
0505186346as
0505186346As
0505186346aS
0505186346AT
0505186346at
0505186346At
0505186346aT
0505186346AU
0505186346au
0505186346Au
0505186346aU
0505186346AV
0505186346av
0505186346Av
0505186346aV
0505186346AW
0505186346aw
0505186346Aw
0505186346aW
0505186346AX
0505186346ax
0505186346Ax
0505186346aX
0505186346AY
0505186346ay
0505186346Ay
0505186346aY
0505186346AZ
0505186346az
0505186346Az
0505186346aZ
0505186346BA
0505186346ba
0505186346Ba
0505186346bA
0505186346BB
0505186346bb
0505186346Bb
0505186346bB
0505186346BC
0505186346bc
0505186346Bc
0505186346bC
0505186346BD
0505186346bd
0505186346Bd
0505186346bD
0505186346BE
0505186346be
0505186346Be
0505186346bE
0505186346BF
0505186346bf
0505186346Bf
0505186346bF
0505186346BG
0505186346bg
0505186346Bg
0505186346bG
0505186346BH
0505186346bh
0505186346Bh
0505186346bH
0505186346BI
0505186346bi
0505186346Bi
0505186346bI
0505186346BJ
0505186346bj
0505186346Bj
0505186346bJ
0505186346BK
0505186346bk
0505186346Bk
0505186346bK
0505186346BL
0505186346bl
0505186346Bl
0505186346bL
0505186346BM
0505186346bm
0505186346Bm
0505186346bM
0505186346BN
0505186346bn
0505186346Bn
0505186346bN
0505186346BO
0505186346bo
0505186346Bo
0505186346bO
0505186346BP
0505186346bp
0505186346Bp
0505186346bP
0505186346BQ
0505186346bq
0505186346Bq
0505186346bQ
0505186346BR
0505186346br
0505186346Br
0505186346bR
0505186346BS
0505186346bs
0505186346Bs
0505186346bS
0505186346BT
0505186346bt
0505186346Bt
0505186346bT
0505186346BU
0505186346bu
0505186346Bu
0505186346bU
0505186346BV
0505186346bv
0505186346Bv
0505186346bV
0505186346BW
0505186346bw
0505186346Bw
0505186346bW
0505186346BX
0505186346bx
0505186346Bx
0505186346bX
0505186346BY
0505186346by
0505186346By
0505186346bY
0505186346BZ
0505186346bz
0505186346Bz
0505186346bZ
0505186346CA
0505186346ca
0505186346Ca
0505186346cA
0505186346CB
0505186346cb
0505186346Cb
0505186346cB
0505186346CC
0505186346cc
0505186346Cc
0505186346cC
0505186346CD
0505186346cd
0505186346Cd
0505186346cD
0505186346CE
0505186346ce
0505186346Ce
0505186346cE
0505186346CF
0505186346cf
0505186346Cf
0505186346cF
0505186346CG
0505186346cg
0505186346Cg
0505186346cG
0505186346CH
0505186346ch
0505186346Ch
0505186346cH
0505186346CI
0505186346ci
0505186346Ci
0505186346cI
0505186346CJ
0505186346cj
0505186346Cj
0505186346cJ
0505186346CK
0505186346ck
0505186346Ck
0505186346cK
0505186346CL
0505186346cl
0505186346Cl
0505186346cL
0505186346CM
0505186346cm
0505186346Cm
0505186346cM
0505186346CN
0505186346cn
0505186346Cn
0505186346cN
0505186346CO
0505186346co
0505186346Co
0505186346cO
0505186346CP
0505186346cp
0505186346Cp
0505186346cP
0505186346CQ
0505186346cq
0505186346Cq
0505186346cQ
0505186346CR
0505186346cr
0505186346Cr
0505186346cR
0505186346CS
0505186346cs
0505186346Cs
0505186346cS
0505186346CT
0505186346ct
0505186346Ct
0505186346cT
0505186346CU
0505186346cu
0505186346Cu
0505186346cU
0505186346CV
0505186346cv
0505186346Cv
0505186346cV
0505186346CW
0505186346cw
0505186346Cw
0505186346cW
0505186346CX
0505186346cx
0505186346Cx
0505186346cX
0505186346CY
0505186346cy
0505186346Cy
0505186346cY
0505186346CZ
0505186346cz
0505186346Cz
0505186346cZ
0505186346DA
0505186346da
0505186346Da
0505186346dA
0505186346DB
0505186346db
0505186346Db
0505186346dB
0505186346DC
0505186346dc
0505186346Dc
0505186346dC
0505186346DD
0505186346dd
0505186346Dd
0505186346dD
0505186346DE
0505186346de
0505186346De
0505186346dE
0505186346DF
0505186346df
0505186346Df
0505186346dF
0505186346DG
0505186346dg
0505186346Dg
0505186346dG
0505186346DH
0505186346dh
0505186346Dh
0505186346dH
0505186346DI
0505186346di
0505186346Di
0505186346dI
0505186346DJ
0505186346dj
0505186346Dj
0505186346dJ
0505186346DK
0505186346dk
0505186346Dk
0505186346dK
0505186346DL
0505186346dl
0505186346Dl
0505186346dL
0505186346DM
0505186346dm
0505186346Dm
0505186346dM
0505186346DN
0505186346dn
0505186346Dn
0505186346dN
0505186346DO
0505186346do
0505186346Do
0505186346dO
0505186346DP
0505186346dp
0505186346Dp
0505186346dP
0505186346DQ
0505186346dq
0505186346Dq
0505186346dQ
0505186346DR
0505186346dr
0505186346Dr
0505186346dR
0505186346DS
0505186346ds
0505186346Ds
0505186346dS
0505186346DT
0505186346dt
0505186346Dt
0505186346dT
0505186346DU
0505186346du
0505186346Du
0505186346dU
0505186346DV
0505186346dv
0505186346Dv
0505186346dV
0505186346DW
0505186346dw
0505186346Dw
0505186346dW
0505186346DX
0505186346dx
0505186346Dx
0505186346dX
0505186346DY
0505186346dy
0505186346Dy
0505186346dY
0505186346DZ
0505186346dz
0505186346Dz
0505186346dZ
0505186346EA
0505186346ea
0505186346Ea
0505186346eA
0505186346EB
0505186346eb
0505186346Eb
0505186346eB
0505186346EC
0505186346ec
0505186346Ec
0505186346eC
0505186346ED
0505186346ed
0505186346Ed
0505186346eD
0505186346EE
0505186346ee
0505186346Ee
0505186346eE
0505186346EF
0505186346ef
0505186346Ef
0505186346eF
0505186346EG
0505186346eg
0505186346Eg
0505186346eG
0505186346EH
0505186346eh
0505186346Eh
0505186346eH
0505186346EI
0505186346ei
0505186346Ei
0505186346eI
0505186346EJ
0505186346ej
0505186346Ej
0505186346eJ
0505186346EK
0505186346ek
0505186346Ek
0505186346eK
0505186346EL
0505186346el
0505186346El
0505186346eL
0505186346EM
0505186346em
0505186346Em
0505186346eM
0505186346EN
0505186346en
0505186346En
0505186346eN
0505186346EO
0505186346eo
0505186346Eo
0505186346eO
0505186346EP
0505186346ep
0505186346Ep
0505186346eP
0505186346EQ
0505186346eq
0505186346Eq
0505186346eQ
0505186346ER
0505186346er
0505186346Er
0505186346eR
0505186346ES
0505186346es
0505186346Es
0505186346eS
0505186346ET
0505186346et
0505186346Et
0505186346eT
0505186346EU
0505186346eu
0505186346Eu
0505186346eU
0505186346EV
0505186346ev
0505186346Ev
0505186346eV
0505186346EW
0505186346ew
0505186346Ew
0505186346eW
0505186346EX
0505186346ex
0505186346Ex
0505186346eX
0505186346EY
0505186346ey
0505186346Ey
0505186346eY
0505186346EZ
0505186346ez
0505186346Ez
0505186346eZ
0505186346FA
0505186346fa
0505186346Fa
0505186346fA
0505186346FB
0505186346fb
0505186346Fb
0505186346fB
0505186346FC
0505186346fc
0505186346Fc
0505186346fC
0505186346FD
0505186346fd
0505186346Fd
0505186346fD
0505186346FE
0505186346fe
0505186346Fe
0505186346fE
0505186346FF
0505186346ff
0505186346Ff
0505186346fF
0505186346FG
0505186346fg
0505186346Fg
0505186346fG
0505186346FH
0505186346fh
0505186346Fh
0505186346fH
0505186346FI
0505186346fi
0505186346Fi
0505186346fI
0505186346FJ
0505186346fj
0505186346Fj
0505186346fJ
0505186346FK
0505186346fk
0505186346Fk
0505186346fK
0505186346FL
0505186346fl
0505186346Fl
0505186346fL
0505186346FM
0505186346fm
0505186346Fm
0505186346fM
0505186346FN
0505186346fn
0505186346Fn
0505186346fN
0505186346FO
0505186346fo
0505186346Fo
0505186346fO
0505186346FP
0505186346fp
0505186346Fp
0505186346fP
0505186346FQ
0505186346fq
0505186346Fq
0505186346fQ
0505186346FR
0505186346fr
0505186346Fr
0505186346fR
0505186346FS
0505186346fs
0505186346Fs
0505186346fS
0505186346FT
0505186346ft
0505186346Ft
0505186346fT
0505186346FU
0505186346fu
0505186346Fu
0505186346fU
0505186346FV
0505186346fv
0505186346Fv
0505186346fV
0505186346FW
0505186346fw
0505186346Fw
0505186346fW
0505186346FX
0505186346fx
0505186346Fx
0505186346fX
0505186346FY
0505186346fy
0505186346Fy
0505186346fY
0505186346FZ
0505186346fz
0505186346Fz
0505186346fZ
0505186346GA
0505186346ga
0505186346Ga
0505186346gA
0505186346GB
0505186346gb
0505186346Gb
0505186346gB
0505186346GC
0505186346gc
0505186346Gc
0505186346gC
0505186346GD
0505186346gd
0505186346Gd
0505186346gD
0505186346GE
0505186346ge
0505186346Ge
0505186346gE
0505186346GF
0505186346gf
0505186346Gf
0505186346gF
0505186346GG
0505186346gg
0505186346Gg
0505186346gG
0505186346GH
0505186346gh
0505186346Gh
0505186346gH
0505186346GI
0505186346gi
0505186346Gi
0505186346gI
0505186346GJ
0505186346gj
0505186346Gj
0505186346gJ
0505186346GK
0505186346gk
0505186346Gk
0505186346gK
0505186346GL
0505186346gl
0505186346Gl
0505186346gL
0505186346GM
0505186346gm
0505186346Gm
0505186346gM
0505186346GN
0505186346gn
0505186346Gn
0505186346gN
0505186346GO
0505186346go
0505186346Go
0505186346gO
0505186346GP
0505186346gp
0505186346Gp
0505186346gP
0505186346GQ
0505186346gq
0505186346Gq
0505186346gQ
0505186346GR
0505186346gr
0505186346Gr
0505186346gR
0505186346GS
0505186346gs
0505186346Gs
0505186346gS
0505186346GT
0505186346gt
0505186346Gt
0505186346gT
0505186346GU
0505186346gu
0505186346Gu
0505186346gU
0505186346GV
0505186346gv
0505186346Gv
0505186346gV
0505186346GW
0505186346gw
0505186346Gw
0505186346gW
0505186346GX
0505186346gx
0505186346Gx
0505186346gX
0505186346GY
0505186346gy
0505186346Gy
0505186346gY
0505186346GZ
0505186346gz
0505186346Gz
0505186346gZ
0505186346HA
0505186346ha
0505186346Ha
0505186346hA
0505186346HB
0505186346hb
0505186346Hb
0505186346hB
0505186346HC
0505186346hc
0505186346Hc
0505186346hC
0505186346HD
0505186346hd
0505186346Hd
0505186346hD
0505186346HE
0505186346he
0505186346He
0505186346hE
0505186346HF
0505186346hf
0505186346Hf
0505186346hF
0505186346HG
0505186346hg
0505186346Hg
0505186346hG
0505186346HH
0505186346hh
0505186346Hh
0505186346hH
0505186346HI
0505186346hi
0505186346Hi
0505186346hI
0505186346HJ
0505186346hj
0505186346Hj
0505186346hJ
0505186346HK
0505186346hk
0505186346Hk
0505186346hK
0505186346HL
0505186346hl
0505186346Hl
0505186346hL
0505186346HM
0505186346hm
0505186346Hm
0505186346hM
0505186346HN
0505186346hn
0505186346Hn
0505186346hN
0505186346HO
0505186346ho
0505186346Ho
0505186346hO
0505186346HP
0505186346hp
0505186346Hp
0505186346hP
0505186346HQ
0505186346hq
0505186346Hq
0505186346hQ
0505186346HR
0505186346hr
0505186346Hr
0505186346hR
0505186346HS
0505186346hs
0505186346Hs
0505186346hS
0505186346HT
0505186346ht
0505186346Ht
0505186346hT
0505186346HU
0505186346hu
0505186346Hu
0505186346hU
0505186346HV
0505186346hv
0505186346Hv
0505186346hV
0505186346HW
0505186346hw
0505186346Hw
0505186346hW
0505186346HX
0505186346hx
0505186346Hx
0505186346hX
0505186346HY
0505186346hy
0505186346Hy
0505186346hY
0505186346HZ
0505186346hz
0505186346Hz
0505186346hZ
0505186346IA
0505186346ia
0505186346Ia
0505186346iA
0505186346IB
0505186346ib
0505186346Ib
0505186346iB
0505186346IC
0505186346ic
0505186346Ic
0505186346iC
0505186346ID
0505186346id
0505186346Id
0505186346iD
0505186346IE
0505186346ie
0505186346Ie
0505186346iE
0505186346IF
0505186346if
0505186346If
0505186346iF
0505186346IG
0505186346ig
0505186346Ig
0505186346iG
0505186346IH
0505186346ih
0505186346Ih
0505186346iH
0505186346II
0505186346ii
0505186346Ii
0505186346iI
0505186346IJ
0505186346ij
0505186346Ij
0505186346iJ
0505186346IK
0505186346ik
0505186346Ik
0505186346iK
0505186346IL
0505186346il
0505186346Il
0505186346iL
0505186346IM
0505186346im
0505186346Im
0505186346iM
0505186346IN
0505186346in
0505186346In
0505186346iN
0505186346IO
0505186346io
0505186346Io
0505186346iO
0505186346IP
0505186346ip
0505186346Ip
0505186346iP
0505186346IQ
0505186346iq
0505186346Iq
0505186346iQ
0505186346IR
0505186346ir
0505186346Ir
0505186346iR
0505186346IS
0505186346is
0505186346Is
0505186346iS
0505186346IT
0505186346it
0505186346It
0505186346iT
0505186346IU
0505186346iu
0505186346Iu
0505186346iU
0505186346IV
0505186346iv
0505186346Iv
0505186346iV
0505186346IW
0505186346iw
0505186346Iw
0505186346iW
0505186346IX
0505186346ix
0505186346Ix
0505186346iX
0505186346IY
0505186346iy
0505186346Iy
0505186346iY
0505186346IZ
0505186346iz
0505186346Iz
0505186346iZ
0505186346JA
0505186346ja
0505186346Ja
0505186346jA
0505186346JB
0505186346jb
0505186346Jb
0505186346jB
0505186346JC
0505186346jc
0505186346Jc
0505186346jC
0505186346JD
0505186346jd
0505186346Jd
0505186346jD
0505186346JE
0505186346je
0505186346Je
0505186346jE
0505186346JF
0505186346jf
0505186346Jf
0505186346jF
0505186346JG
0505186346jg
0505186346Jg
0505186346jG
0505186346JH
0505186346jh
0505186346Jh
0505186346jH
0505186346JI
0505186346ji
0505186346Ji
0505186346jI
0505186346JJ
0505186346jj
0505186346Jj
0505186346jJ
0505186346JK
0505186346jk
0505186346Jk
0505186346jK
0505186346JL
0505186346jl
0505186346Jl
0505186346jL
0505186346JM
0505186346jm
0505186346Jm
0505186346jM
0505186346JN
0505186346jn
0505186346Jn
0505186346jN
0505186346JO
0505186346jo
0505186346Jo
0505186346jO
0505186346JP
0505186346jp
0505186346Jp
0505186346jP
0505186346JQ
0505186346jq
0505186346Jq
0505186346jQ
0505186346JR
0505186346jr
0505186346Jr
0505186346jR
0505186346JS
0505186346js
0505186346Js
0505186346jS
0505186346JT
0505186346jt
0505186346Jt
0505186346jT
0505186346JU
0505186346ju
0505186346Ju
0505186346jU
0505186346JV
0505186346jv
0505186346Jv
0505186346jV
0505186346JW
0505186346jw
0505186346Jw
0505186346jW
0505186346JX
0505186346jx
0505186346Jx
0505186346jX
0505186346JY
0505186346jy
0505186346Jy
0505186346jY
0505186346JZ
0505186346jz
0505186346Jz
0505186346jZ
0505186346KA
0505186346ka
0505186346Ka
0505186346kA
0505186346KB
0505186346kb
0505186346Kb
0505186346kB
0505186346KC
0505186346kc
0505186346Kc
0505186346kC
0505186346KD
0505186346kd
0505186346Kd
0505186346kD
0505186346KE
0505186346ke
0505186346Ke
0505186346kE
0505186346KF
0505186346kf
0505186346Kf
0505186346kF
0505186346KG
0505186346kg
0505186346Kg
0505186346kG
0505186346KH
0505186346kh
0505186346Kh
0505186346kH
0505186346KI
0505186346ki
0505186346Ki
0505186346kI
0505186346KJ
0505186346kj
0505186346Kj
0505186346kJ
0505186346KK
0505186346kk
0505186346Kk
0505186346kK
0505186346KL
0505186346kl
0505186346Kl
0505186346kL
0505186346KM
0505186346km
0505186346Km
0505186346kM
0505186346KN
0505186346kn
0505186346Kn
0505186346kN
0505186346KO
0505186346ko
0505186346Ko
0505186346kO
0505186346KP
0505186346kp
0505186346Kp
0505186346kP
0505186346KQ
0505186346kq
0505186346Kq
0505186346kQ
0505186346KR
0505186346kr
0505186346Kr
0505186346kR
0505186346KS
0505186346ks
0505186346Ks
0505186346kS
0505186346KT
0505186346kt
0505186346Kt
0505186346kT
0505186346KU
0505186346ku
0505186346Ku
0505186346kU
0505186346KV
0505186346kv
0505186346Kv
0505186346kV
0505186346KW
0505186346kw
0505186346Kw
0505186346kW
0505186346KX
0505186346kx
0505186346Kx
0505186346kX
0505186346KY
0505186346ky
0505186346Ky
0505186346kY
0505186346KZ
0505186346kz
0505186346Kz
0505186346kZ
0505186346LA
0505186346la
0505186346La
0505186346lA
0505186346LB
0505186346lb
0505186346Lb
0505186346lB
0505186346LC
0505186346lc
0505186346Lc
0505186346lC
0505186346LD
0505186346ld
0505186346Ld
0505186346lD
0505186346LE
0505186346le
0505186346Le
0505186346lE
0505186346LF
0505186346lf
0505186346Lf
0505186346lF
0505186346LG
0505186346lg
0505186346Lg
0505186346lG
0505186346LH
0505186346lh
0505186346Lh
0505186346lH
0505186346LI
0505186346li
0505186346Li
0505186346lI
0505186346LJ
0505186346lj
0505186346Lj
0505186346lJ
0505186346LK
0505186346lk
0505186346Lk
0505186346lK
0505186346LL
0505186346ll
0505186346Ll
0505186346lL
0505186346LM
0505186346lm
0505186346Lm
0505186346lM
0505186346LN
0505186346ln
0505186346Ln
0505186346lN
0505186346LO
0505186346lo
0505186346Lo
0505186346lO
0505186346LP
0505186346lp
0505186346Lp
0505186346lP
0505186346LQ
0505186346lq
0505186346Lq
0505186346lQ
0505186346LR
0505186346lr
0505186346Lr
0505186346lR
0505186346LS
0505186346ls
0505186346Ls
0505186346lS
0505186346LT
0505186346lt
0505186346Lt
0505186346lT
0505186346LU
0505186346lu
0505186346Lu
0505186346lU
0505186346LV
0505186346lv
0505186346Lv
0505186346lV
0505186346LW
0505186346lw
0505186346Lw
0505186346lW
0505186346LX
0505186346lx
0505186346Lx
0505186346lX
0505186346LY
0505186346ly
0505186346Ly
0505186346lY
0505186346LZ
0505186346lz
0505186346Lz
0505186346lZ
0505186346MA
0505186346ma
0505186346Ma
0505186346mA
0505186346MB
0505186346mb
0505186346Mb
0505186346mB
0505186346MC
0505186346mc
0505186346Mc
0505186346mC
0505186346MD
0505186346md
0505186346Md
0505186346mD
0505186346ME
0505186346me
0505186346Me
0505186346mE
0505186346MF
0505186346mf
0505186346Mf
0505186346mF
0505186346MG
0505186346mg
0505186346Mg
0505186346mG
0505186346MH
0505186346mh
0505186346Mh
0505186346mH
0505186346MI
0505186346mi
0505186346Mi
0505186346mI
0505186346MJ
0505186346mj
0505186346Mj
0505186346mJ
0505186346MK
0505186346mk
0505186346Mk
0505186346mK
0505186346ML
0505186346ml
0505186346Ml
0505186346mL
0505186346MM
0505186346mm
0505186346Mm
0505186346mM
0505186346MN
0505186346mn
0505186346Mn
0505186346mN
0505186346MO
0505186346mo
0505186346Mo
0505186346mO
0505186346MP
0505186346mp
0505186346Mp
0505186346mP
0505186346MQ
0505186346mq
0505186346Mq
0505186346mQ
0505186346MR
0505186346mr
0505186346Mr
0505186346mR
0505186346MS
0505186346ms
0505186346Ms
0505186346mS
0505186346MT
0505186346mt
0505186346Mt
0505186346mT
0505186346MU
0505186346mu
0505186346Mu
0505186346mU
0505186346MV
0505186346mv
0505186346Mv
0505186346mV
0505186346MW
0505186346mw
0505186346Mw
0505186346mW
0505186346MX
0505186346mx
0505186346Mx
0505186346mX
0505186346MY
0505186346my
0505186346My
0505186346mY
0505186346MZ
0505186346mz
0505186346Mz
0505186346mZ
0505186346NA
0505186346na
0505186346Na
0505186346nA
0505186346NB
0505186346nb
0505186346Nb
0505186346nB
0505186346NC
0505186346nc
0505186346Nc
0505186346nC
0505186346ND
0505186346nd
0505186346Nd
0505186346nD
0505186346NE
0505186346ne
0505186346Ne
0505186346nE
0505186346NF
0505186346nf
0505186346Nf
0505186346nF
0505186346NG
0505186346ng
0505186346Ng
0505186346nG
0505186346NH
0505186346nh
0505186346Nh
0505186346nH
0505186346NI
0505186346ni
0505186346Ni
0505186346nI
0505186346NJ
0505186346nj
0505186346Nj
0505186346nJ
0505186346NK
0505186346nk
0505186346Nk
0505186346nK
0505186346NL
0505186346nl
0505186346Nl
0505186346nL
0505186346NM
0505186346nm
0505186346Nm
0505186346nM
0505186346NN
0505186346nn
0505186346Nn
0505186346nN
0505186346NO
0505186346no
0505186346No
0505186346nO
0505186346NP
0505186346np
0505186346Np
0505186346nP
0505186346NQ
0505186346nq
0505186346Nq
0505186346nQ
0505186346NR
0505186346nr
0505186346Nr
0505186346nR
0505186346NS
0505186346ns
0505186346Ns
0505186346nS
0505186346NT
0505186346nt
0505186346Nt
0505186346nT
0505186346NU
0505186346nu
0505186346Nu
0505186346nU
0505186346NV
0505186346nv
0505186346Nv
0505186346nV
0505186346NW
0505186346nw
0505186346Nw
0505186346nW
0505186346NX
0505186346nx
0505186346Nx
0505186346nX
0505186346NY
0505186346ny
0505186346Ny
0505186346nY
0505186346NZ
0505186346nz
0505186346Nz
0505186346nZ
0505186346OA
0505186346oa
0505186346Oa
0505186346oA
0505186346OB
0505186346ob
0505186346Ob
0505186346oB
0505186346OC
0505186346oc
0505186346Oc
0505186346oC
0505186346OD
0505186346od
0505186346Od
0505186346oD
0505186346OE
0505186346oe
0505186346Oe
0505186346oE
0505186346OF
0505186346of
0505186346Of
0505186346oF
0505186346OG
0505186346og
0505186346Og
0505186346oG
0505186346OH
0505186346oh
0505186346Oh
0505186346oH
0505186346OI
0505186346oi
0505186346Oi
0505186346oI
0505186346OJ
0505186346oj
0505186346Oj
0505186346oJ
0505186346OK
0505186346ok
0505186346Ok
0505186346oK
0505186346OL
0505186346ol
0505186346Ol
0505186346oL
0505186346OM
0505186346om
0505186346Om
0505186346oM
0505186346ON
0505186346on
0505186346On
0505186346oN
0505186346OO
0505186346oo
0505186346Oo
0505186346oO
0505186346OP
0505186346op
0505186346Op
0505186346oP
0505186346OQ
0505186346oq
0505186346Oq
0505186346oQ
0505186346OR
0505186346or
0505186346Or
0505186346oR
0505186346OS
0505186346os
0505186346Os
0505186346oS
0505186346OT
0505186346ot
0505186346Ot
0505186346oT
0505186346OU
0505186346ou
0505186346Ou
0505186346oU
0505186346OV
0505186346ov
0505186346Ov
0505186346oV
0505186346OW
0505186346ow
0505186346Ow
0505186346oW
0505186346OX
0505186346ox
0505186346Ox
0505186346oX
0505186346OY
0505186346oy
0505186346Oy
0505186346oY
0505186346OZ
0505186346oz
0505186346Oz
0505186346oZ
0505186346PA
0505186346pa
0505186346Pa
0505186346pA
0505186346PB
0505186346pb
0505186346Pb
0505186346pB
0505186346PC
0505186346pc
0505186346Pc
0505186346pC
0505186346PD
0505186346pd
0505186346Pd
0505186346pD
0505186346PE
0505186346pe
0505186346Pe
0505186346pE
0505186346PF
0505186346pf
0505186346Pf
0505186346pF
0505186346PG
0505186346pg
0505186346Pg
0505186346pG
0505186346PH
0505186346ph
0505186346Ph
0505186346pH
0505186346PI
0505186346pi
0505186346Pi
0505186346pI
0505186346PJ
0505186346pj
0505186346Pj
0505186346pJ
0505186346PK
0505186346pk
0505186346Pk
0505186346pK
0505186346PL
0505186346pl
0505186346Pl
0505186346pL
0505186346PM
0505186346pm
0505186346Pm
0505186346pM
0505186346PN
0505186346pn
0505186346Pn
0505186346pN
0505186346PO
0505186346po
0505186346Po
0505186346pO
0505186346PP
0505186346pp
0505186346Pp
0505186346pP
0505186346PQ
0505186346pq
0505186346Pq
0505186346pQ
0505186346PR
0505186346pr
0505186346Pr
0505186346pR
0505186346PS
0505186346ps
0505186346Ps
0505186346pS
0505186346PT
0505186346pt
0505186346Pt
0505186346pT
0505186346PU
0505186346pu
0505186346Pu
0505186346pU
0505186346PV
0505186346pv
0505186346Pv
0505186346pV
0505186346PW
0505186346pw
0505186346Pw
0505186346pW
0505186346PX
0505186346px
0505186346Px
0505186346pX
0505186346PY
0505186346py
0505186346Py
0505186346pY
0505186346PZ
0505186346pz
0505186346Pz
0505186346pZ
0505186346QA
0505186346qa
0505186346Qa
0505186346qA
0505186346QB
0505186346qb
0505186346Qb
0505186346qB
0505186346QC
0505186346qc
0505186346Qc
0505186346qC
0505186346QD
0505186346qd
0505186346Qd
0505186346qD
0505186346QE
0505186346qe
0505186346Qe
0505186346qE
0505186346QF
0505186346qf
0505186346Qf
0505186346qF
0505186346QG
0505186346qg
0505186346Qg
0505186346qG
0505186346QH
0505186346qh
0505186346Qh
0505186346qH
0505186346QI
0505186346qi
0505186346Qi
0505186346qI
0505186346QJ
0505186346qj
0505186346Qj
0505186346qJ
0505186346QK
0505186346qk
0505186346Qk
0505186346qK
0505186346QL
0505186346ql
0505186346Ql
0505186346qL
0505186346QM
0505186346qm
0505186346Qm
0505186346qM
0505186346QN
0505186346qn
0505186346Qn
0505186346qN
0505186346QO
0505186346qo
0505186346Qo
0505186346qO
0505186346QP
0505186346qp
0505186346Qp
0505186346qP
0505186346QQ
0505186346qq
0505186346Qq
0505186346qQ
0505186346QR
0505186346qr
0505186346Qr
0505186346qR
0505186346QS
0505186346qs
0505186346Qs
0505186346qS
0505186346QT
0505186346qt
0505186346Qt
0505186346qT
0505186346QU
0505186346qu
0505186346Qu
0505186346qU
0505186346QV
0505186346qv
0505186346Qv
0505186346qV
0505186346QW
0505186346qw
0505186346Qw
0505186346qW
0505186346QX
0505186346qx
0505186346Qx
0505186346qX
0505186346QY
0505186346qy
0505186346Qy
0505186346qY
0505186346QZ
0505186346qz
0505186346Qz
0505186346qZ
0505186346RA
0505186346ra
0505186346Ra
0505186346rA
0505186346RB
0505186346rb
0505186346Rb
0505186346rB
0505186346RC
0505186346rc
0505186346Rc
0505186346rC
0505186346RD
0505186346rd
0505186346Rd
0505186346rD
0505186346RE
0505186346re
0505186346Re
0505186346rE
0505186346RF
0505186346rf
0505186346Rf
0505186346rF
0505186346RG
0505186346rg
0505186346Rg
0505186346rG
0505186346RH
0505186346rh
0505186346Rh
0505186346rH
0505186346RI
0505186346ri
0505186346Ri
0505186346rI
0505186346RJ
0505186346rj
0505186346Rj
0505186346rJ
0505186346RK
0505186346rk
0505186346Rk
0505186346rK
0505186346RL
0505186346rl
0505186346Rl
0505186346rL
0505186346RM
0505186346rm
0505186346Rm
0505186346rM
0505186346RN
0505186346rn
0505186346Rn
0505186346rN
0505186346RO
0505186346ro
0505186346Ro
0505186346rO
0505186346RP
0505186346rp
0505186346Rp
0505186346rP
0505186346RQ
0505186346rq
0505186346Rq
0505186346rQ
0505186346RR
0505186346rr
0505186346Rr
0505186346rR
0505186346RS
0505186346rs
0505186346Rs
0505186346rS
0505186346RT
0505186346rt
0505186346Rt
0505186346rT
0505186346RU
0505186346ru
0505186346Ru
0505186346rU
0505186346RV
0505186346rv
0505186346Rv
0505186346rV
0505186346RW
0505186346rw
0505186346Rw
0505186346rW
0505186346RX
0505186346rx
0505186346Rx
0505186346rX
0505186346RY
0505186346ry
0505186346Ry
0505186346rY
0505186346RZ
0505186346rz
0505186346Rz
0505186346rZ
0505186346SA
0505186346sa
0505186346Sa
0505186346sA
0505186346SB
0505186346sb
0505186346Sb
0505186346sB
0505186346SC
0505186346sc
0505186346Sc
0505186346sC
0505186346SD
0505186346sd
0505186346Sd
0505186346sD
0505186346SE
0505186346se
0505186346Se
0505186346sE
0505186346SF
0505186346sf
0505186346Sf
0505186346sF
0505186346SG
0505186346sg
0505186346Sg
0505186346sG
0505186346SH
0505186346sh
0505186346Sh
0505186346sH
0505186346SI
0505186346si
0505186346Si
0505186346sI
0505186346SJ
0505186346sj
0505186346Sj
0505186346sJ
0505186346SK
0505186346sk
0505186346Sk
0505186346sK
0505186346SL
0505186346sl
0505186346Sl
0505186346sL
0505186346SM
0505186346sm
0505186346Sm
0505186346sM
0505186346SN
0505186346sn
0505186346Sn
0505186346sN
0505186346SO
0505186346so
0505186346So
0505186346sO
0505186346SP
0505186346sp
0505186346Sp
0505186346sP
0505186346SQ
0505186346sq
0505186346Sq
0505186346sQ
0505186346SR
0505186346sr
0505186346Sr
0505186346sR
0505186346SS
0505186346ss
0505186346Ss
0505186346sS
0505186346ST
0505186346st
0505186346St
0505186346sT
0505186346SU
0505186346su
0505186346Su
0505186346sU
0505186346SV
0505186346sv
0505186346Sv
0505186346sV
0505186346SW
0505186346sw
0505186346Sw
0505186346sW
0505186346SX
0505186346sx
0505186346Sx
0505186346sX
0505186346SY
0505186346sy
0505186346Sy
0505186346sY
0505186346SZ
0505186346sz
0505186346Sz
0505186346sZ
0505186346TA
0505186346ta
0505186346Ta
0505186346tA
0505186346TB
0505186346tb
0505186346Tb
0505186346tB
0505186346TC
0505186346tc
0505186346Tc
0505186346tC
0505186346TD
0505186346td
0505186346Td
0505186346tD
0505186346TE
0505186346te
0505186346Te
0505186346tE
0505186346TF
0505186346tf
0505186346Tf
0505186346tF
0505186346TG
0505186346tg
0505186346Tg
0505186346tG
0505186346TH
0505186346th
0505186346Th
0505186346tH
0505186346TI
0505186346ti
0505186346Ti
0505186346tI
0505186346TJ
0505186346tj
0505186346Tj
0505186346tJ
0505186346TK
0505186346tk
0505186346Tk
0505186346tK
0505186346TL
0505186346tl
0505186346Tl
0505186346tL
0505186346TM
0505186346tm
0505186346Tm
0505186346tM
0505186346TN
0505186346tn
0505186346Tn
0505186346tN
0505186346TO
0505186346to
0505186346To
0505186346tO
0505186346TP
0505186346tp
0505186346Tp
0505186346tP
0505186346TQ
0505186346tq
0505186346Tq
0505186346tQ
0505186346TR
0505186346tr
0505186346Tr
0505186346tR
0505186346TS
0505186346ts
0505186346Ts
0505186346tS
0505186346TT
0505186346tt
0505186346Tt
0505186346tT
0505186346TU
0505186346tu
0505186346Tu
0505186346tU
0505186346TV
0505186346tv
0505186346Tv
0505186346tV
0505186346TW
0505186346tw
0505186346Tw
0505186346tW
0505186346TX
0505186346tx
0505186346Tx
0505186346tX
0505186346TY
0505186346ty
0505186346Ty
0505186346tY
0505186346TZ
0505186346tz
0505186346Tz
0505186346tZ
0505186346UA
0505186346ua
0505186346Ua
0505186346uA
0505186346UB
0505186346ub
0505186346Ub
0505186346uB
0505186346UC
0505186346uc
0505186346Uc
0505186346uC
0505186346UD
0505186346ud
0505186346Ud
0505186346uD
0505186346UE
0505186346ue
0505186346Ue
0505186346uE
0505186346UF
0505186346uf
0505186346Uf
0505186346uF
0505186346UG
0505186346ug
0505186346Ug
0505186346uG
0505186346UH
0505186346uh
0505186346Uh
0505186346uH
0505186346UI
0505186346ui
0505186346Ui
0505186346uI
0505186346UJ
0505186346uj
0505186346Uj
0505186346uJ
0505186346UK
0505186346uk
0505186346Uk
0505186346uK
0505186346UL
0505186346ul
0505186346Ul
0505186346uL
0505186346UM
0505186346um
0505186346Um
0505186346uM
0505186346UN
0505186346un
0505186346Un
0505186346uN
0505186346UO
0505186346uo
0505186346Uo
0505186346uO
0505186346UP
0505186346up
0505186346Up
0505186346uP
0505186346UQ
0505186346uq
0505186346Uq
0505186346uQ
0505186346UR
0505186346ur
0505186346Ur
0505186346uR
0505186346US
0505186346us
0505186346Us
0505186346uS
0505186346UT
0505186346ut
0505186346Ut
0505186346uT
0505186346UU
0505186346uu
0505186346Uu
0505186346uU
0505186346UV
0505186346uv
0505186346Uv
0505186346uV
0505186346UW
0505186346uw
0505186346Uw
0505186346uW
0505186346UX
0505186346ux
0505186346Ux
0505186346uX
0505186346UY
0505186346uy
0505186346Uy
0505186346uY
0505186346UZ
0505186346uz
0505186346Uz
0505186346uZ
0505186346VA
0505186346va
0505186346Va
0505186346vA
0505186346VB
0505186346vb
0505186346Vb
0505186346vB
0505186346VC
0505186346vc
0505186346Vc
0505186346vC
0505186346VD
0505186346vd
0505186346Vd
0505186346vD
0505186346VE
0505186346ve
0505186346Ve
0505186346vE
0505186346VF
0505186346vf
0505186346Vf
0505186346vF
0505186346VG
0505186346vg
0505186346Vg
0505186346vG
0505186346VH
0505186346vh
0505186346Vh
0505186346vH
0505186346VI
0505186346vi
0505186346Vi
0505186346vI
0505186346VJ
0505186346vj
0505186346Vj
0505186346vJ
0505186346VK
0505186346vk
0505186346Vk
0505186346vK
0505186346VL
0505186346vl
0505186346Vl
0505186346vL
0505186346VM
0505186346vm
0505186346Vm
0505186346vM
0505186346VN
0505186346vn
0505186346Vn
0505186346vN
0505186346VO
0505186346vo
0505186346Vo
0505186346vO
0505186346VP
0505186346vp
0505186346Vp
0505186346vP
0505186346VQ
0505186346vq
0505186346Vq
0505186346vQ
0505186346VR
0505186346vr
0505186346Vr
0505186346vR
0505186346VS
0505186346vs
0505186346Vs
0505186346vS
0505186346VT
0505186346vt
0505186346Vt
0505186346vT
0505186346VU
0505186346vu
0505186346Vu
0505186346vU
0505186346VV
0505186346vv
0505186346Vv
0505186346vV
0505186346VW
0505186346vw
0505186346Vw
0505186346vW
0505186346VX
0505186346vx
0505186346Vx
0505186346vX
0505186346VY
0505186346vy
0505186346Vy
0505186346vY
0505186346VZ
0505186346vz
0505186346Vz
0505186346vZ
0505186346WA
0505186346wa
0505186346Wa
0505186346wA
0505186346WB
0505186346wb
0505186346Wb
0505186346wB
0505186346WC
0505186346wc
0505186346Wc
0505186346wC
0505186346WD
0505186346wd
0505186346Wd
0505186346wD
0505186346WE
0505186346we
0505186346We
0505186346wE
0505186346WF
0505186346wf
0505186346Wf
0505186346wF
0505186346WG
0505186346wg
0505186346Wg
0505186346wG
0505186346WH
0505186346wh
0505186346Wh
0505186346wH
0505186346WI
0505186346wi
0505186346Wi
0505186346wI
0505186346WJ
0505186346wj
0505186346Wj
0505186346wJ
0505186346WK
0505186346wk
0505186346Wk
0505186346wK
0505186346WL
0505186346wl
0505186346Wl
0505186346wL
0505186346WM
0505186346wm
0505186346Wm
0505186346wM
0505186346WN
0505186346wn
0505186346Wn
0505186346wN
0505186346WO
0505186346wo
0505186346Wo
0505186346wO
0505186346WP
0505186346wp
0505186346Wp
0505186346wP
0505186346WQ
0505186346wq
0505186346Wq
0505186346wQ
0505186346WR
0505186346wr
0505186346Wr
0505186346wR
0505186346WS
0505186346ws
0505186346Ws
0505186346wS
0505186346WT
0505186346wt
0505186346Wt
0505186346wT
0505186346WU
0505186346wu
0505186346Wu
0505186346wU
0505186346WV
0505186346wv
0505186346Wv
0505186346wV
0505186346WW
0505186346ww
0505186346Ww
0505186346wW
0505186346WX
0505186346wx
0505186346Wx
0505186346wX
0505186346WY
0505186346wy
0505186346Wy
0505186346wY
0505186346WZ
0505186346wz
0505186346Wz
0505186346wZ
0505186346XA
0505186346xa
0505186346Xa
0505186346xA
0505186346XB
0505186346xb
0505186346Xb
0505186346xB
0505186346XC
0505186346xc
0505186346Xc
0505186346xC
0505186346XD
0505186346xd
0505186346Xd
0505186346xD
0505186346XE
0505186346xe
0505186346Xe
0505186346xE
0505186346XF
0505186346xf
0505186346Xf
0505186346xF
0505186346XG
0505186346xg
0505186346Xg
0505186346xG
0505186346XH
0505186346xh
0505186346Xh
0505186346xH
0505186346XI
0505186346xi
0505186346Xi
0505186346xI
0505186346XJ
0505186346xj
0505186346Xj
0505186346xJ
0505186346XK
0505186346xk
0505186346Xk
0505186346xK
0505186346XL
0505186346xl
0505186346Xl
0505186346xL
0505186346XM
0505186346xm
0505186346Xm
0505186346xM
0505186346XN
0505186346xn
0505186346Xn
0505186346xN
0505186346XO
0505186346xo
0505186346Xo
0505186346xO
0505186346XP
0505186346xp
0505186346Xp
0505186346xP
0505186346XQ
0505186346xq
0505186346Xq
0505186346xQ
0505186346XR
0505186346xr
0505186346Xr
0505186346xR
0505186346XS
0505186346xs
0505186346Xs
0505186346xS
0505186346XT
0505186346xt
0505186346Xt
0505186346xT
0505186346XU
0505186346xu
0505186346Xu
0505186346xU
0505186346XV
0505186346xv
0505186346Xv
0505186346xV
0505186346XW
0505186346xw
0505186346Xw
0505186346xW
0505186346XX
0505186346xx
0505186346Xx
0505186346xX
0505186346XY
0505186346xy
0505186346Xy
0505186346xY
0505186346XZ
0505186346xz
0505186346Xz
0505186346xZ
0505186346YA
0505186346ya
0505186346Ya
0505186346yA
0505186346YB
0505186346yb
0505186346Yb
0505186346yB
0505186346YC
0505186346yc
0505186346Yc
0505186346yC
0505186346YD
0505186346yd
0505186346Yd
0505186346yD
0505186346YE
0505186346ye
0505186346Ye
0505186346yE
0505186346YF
0505186346yf
0505186346Yf
0505186346yF
0505186346YG
0505186346yg
0505186346Yg
0505186346yG
0505186346YH
0505186346yh
0505186346Yh
0505186346yH
0505186346YI
0505186346yi
0505186346Yi
0505186346yI
0505186346YJ
0505186346yj
0505186346Yj
0505186346yJ
0505186346YK
0505186346yk
0505186346Yk
0505186346yK
0505186346YL
0505186346yl
0505186346Yl
0505186346yL
0505186346YM
0505186346ym
0505186346Ym
0505186346yM
0505186346YN
0505186346yn
0505186346Yn
0505186346yN
0505186346YO
0505186346yo
0505186346Yo
0505186346yO
0505186346YP
0505186346yp
0505186346Yp
0505186346yP
0505186346YQ
0505186346yq
0505186346Yq
0505186346yQ
0505186346YR
0505186346yr
0505186346Yr
0505186346yR
0505186346YS
0505186346ys
0505186346Ys
0505186346yS
0505186346YT
0505186346yt
0505186346Yt
0505186346yT
0505186346YU
0505186346yu
0505186346Yu
0505186346yU
0505186346YV
0505186346yv
0505186346Yv
0505186346yV
0505186346YW
0505186346yw
0505186346Yw
0505186346yW
0505186346YX
0505186346yx
0505186346Yx
0505186346yX
0505186346YY
0505186346yy
0505186346Yy
0505186346yY
0505186346YZ
0505186346yz
0505186346Yz
0505186346yZ
0505186346ZA
0505186346za
0505186346Za
0505186346zA
0505186346ZB
0505186346zb
0505186346Zb
0505186346zB
0505186346ZC
0505186346zc
0505186346Zc
0505186346zC
0505186346ZD
0505186346zd
0505186346Zd
0505186346zD
0505186346ZE
0505186346ze
0505186346Ze
0505186346zE
0505186346ZF
0505186346zf
0505186346Zf
0505186346zF
0505186346ZG
0505186346zg
0505186346Zg
0505186346zG
0505186346ZH
0505186346zh
0505186346Zh
0505186346zH
0505186346ZI
0505186346zi
0505186346Zi
0505186346zI
0505186346ZJ
0505186346zj
0505186346Zj
0505186346zJ
0505186346ZK
0505186346zk
0505186346Zk
0505186346zK
0505186346ZL
0505186346zl
0505186346Zl
0505186346zL
0505186346ZM
0505186346zm
0505186346Zm
0505186346zM
0505186346ZN
0505186346zn
0505186346Zn
0505186346zN
0505186346ZO
0505186346zo
0505186346Zo
0505186346zO
0505186346ZP
0505186346zp
0505186346Zp
0505186346zP
0505186346ZQ
0505186346zq
0505186346Zq
0505186346zQ
0505186346ZR
0505186346zr
0505186346Zr
0505186346zR
0505186346ZS
0505186346zs
0505186346Zs
0505186346zS
0505186346ZT
0505186346zt
0505186346Zt
0505186346zT
0505186346ZU
0505186346zu
0505186346Zu
0505186346zU
0505186346ZV
0505186346zv
0505186346Zv
0505186346zV
0505186346ZW
0505186346zw
0505186346Zw
0505186346zW
0505186346ZX
0505186346zx
0505186346Zx
0505186346zX
0505186346ZY
0505186346zy
0505186346Zy
0505186346zY
0505186346ZZ
0505186346zz
0505186346Zz
0505186346zZ
